This is pdfTeX, Version 3.14159265-2.6-1.40.21 (TeX Live 2020/Debian) (preloaded format=pdflatex 2021.11.26)  8 JUN 2022 11:01
entering extended mode
 restricted \write18 enabled.
 file:line:error style messages enabled.
 %&-line parsing enabled.
**/home/heitor/Documents/USP/IC/Estudos-Processamento-de-Imagens/Anotações/Anotações.tex
(/home/heitor/Documents/USP/IC/Estudos-Processamento-de-Imagens/Anotações/Anotações.tex
LaTeX2e <2020-10-01> patch level 4
L3 programming layer <2021-01-09> xparse <2020-03-03> (/usr/share/texlive/texmf-dist/tex/latex/base/article.cls
Document Class: article 2020/04/10 v1.4m Standard LaTeX document class
(/usr/share/texlive/texmf-dist/tex/latex/base/size12.clo
File: size12.clo 2020/04/10 v1.4m Standard LaTeX file (size option)
)
\c@part=\count177
\c@section=\count178
\c@subsection=\count179
\c@subsubsection=\count180
\c@paragraph=\count181
\c@subparagraph=\count182
\c@figure=\count183
\c@table=\count184
\abovecaptionskip=\skip47
\belowcaptionskip=\skip48
\bibindent=\dimen138
) (/usr/share/texlive/texmf-dist/tex/generic/babel/babel.sty
Package: babel 2021/01/26 3.53 The Babel package
 (/usr/share/texlive/texmf-dist/tex/generic/babel/babel.def
File: babel.def 2021/01/26 3.53 Babel common definitions
\babel@savecnt=\count185
\U@D=\dimen139
\l@babelnohyphens=\language4
 (/usr/share/texlive/texmf-dist/tex/generic/babel/txtbabel.def)
\bbl@readstream=\read2
)
\bbl@dirlevel=\count186
 (/usr/share/texlive/texmf-dist/tex/generic/babel-portuges/portuges.ldf
Language: portuges 2020/05/04 v1.2r Portuguese support from the babel system
Package babel Info: Making " an active character on input line 143.
)) (/usr/share/texlive/texmf-dist/tex/latex/base/inputenc.sty
Package: inputenc 2020/08/01 v1.3d Input encoding file
\inpenc@prehook=\toks15
\inpenc@posthook=\toks16
) (/usr/share/texlive/texmf-dist/tex/latex/contour/contour.sty
Package: contour 2004/11/18 v2.14 Print contoured text (HH, MH)
 (/usr/share/texlive/texmf-dist/tex/latex/graphics/color.sty
Package: color 2020/02/24 v1.2b Standard LaTeX Color (DPC)
 (/usr/share/texlive/texmf-dist/tex/latex/graphics-cfg/color.cfg
File: color.cfg 2016/01/02 v1.6 sample color configuration
)
Package color Info: Driver file: pdftex.def on input line 147.
 (/usr/share/texlive/texmf-dist/tex/latex/graphics-def/pdftex.def
File: pdftex.def 2020/10/05 v1.2a Graphics/color driver for pdftex
)) (/usr/share/texlive/texmf-dist/tex/latex/graphics/trig.sty
Package: trig 2016/01/03 v1.10 sin cos tan (DPC)
)
\con@length=\skip49

Loading configuration file `contour.cfg'.
(/usr/share/texlive/texmf-dist/tex/latex/contour/contour.cfg
File: contour.cfg 2004/11/18 v2.14 Print contoured text (HH, MH)
)
contour: Using driver file `pdftex.cnt'.
(/usr/share/texlive/texmf-dist/tex/latex/contour/pdftex.cnt
File: pdftex.cnt 2004/11/18 v2.14 Print contoured text (HH, MH)
)) (/usr/share/texlive/texmf-dist/tex/latex/xcolor/xcolor.sty
Package: xcolor 2016/05/11 v2.12 LaTeX color extensions (UK)
 (/usr/share/texlive/texmf-dist/tex/latex/graphics-cfg/color.cfg
File: color.cfg 2016/01/02 v1.6 sample color configuration
)
Package xcolor Info: Driver file: pdftex.def on input line 225.
LaTeX Info: Redefining \color on input line 709.
Package xcolor Info: Model `cmy' substituted by `cmy0' on input line 1348.
Package xcolor Info: Model `hsb' substituted by `rgb' on input line 1352.
Package xcolor Info: Model `RGB' extended on input line 1364.
Package xcolor Info: Model `HTML' substituted by `rgb' on input line 1366.
Package xcolor Info: Model `Hsb' substituted by `hsb' on input line 1367.
Package xcolor Info: Model `tHsb' substituted by `hsb' on input line 1368.
Package xcolor Info: Model `HSB' substituted by `hsb' on input line 1369.
Package xcolor Info: Model `Gray' substituted by `gray' on input line 1370.
Package xcolor Info: Model `wave' substituted by `hsb' on input line 1371.
 (/usr/share/texlive/texmf-dist/tex/latex/graphics/dvipsnam.def
File: dvipsnam.def 2016/06/17 v3.0m Driver-dependent file (DPC,SPQR)
)) (/usr/share/texlive/texmf-dist/tex/latex/mathtools/mathtools.sty
Package: mathtools 2020/03/24 v1.24 mathematical typesetting tools
 (/usr/share/texlive/texmf-dist/tex/latex/graphics/keyval.sty
Package: keyval 2014/10/28 v1.15 key=value parser (DPC)
\KV@toks@=\toks17
) (/usr/share/texlive/texmf-dist/tex/latex/tools/calc.sty
Package: calc 2017/05/25 v4.3 Infix arithmetic (KKT,FJ)
\calc@Acount=\count187
\calc@Bcount=\count188
\calc@Adimen=\dimen140
\calc@Bdimen=\dimen141
\calc@Askip=\skip50
\calc@Bskip=\skip51
LaTeX Info: Redefining \setlength on input line 80.
LaTeX Info: Redefining \addtolength on input line 81.
\calc@Ccount=\count189
\calc@Cskip=\skip52
) (/usr/share/texlive/texmf-dist/tex/latex/mathtools/mhsetup.sty
Package: mhsetup 2017/03/31 v1.3 programming setup (MH)
) (/usr/share/texlive/texmf-dist/tex/latex/amsmath/amsmath.sty
Package: amsmath 2020/09/23 v2.17i AMS math features
\@mathmargin=\skip53

For additional information on amsmath, use the `?' option.
(/usr/share/texlive/texmf-dist/tex/latex/amsmath/amstext.sty
Package: amstext 2000/06/29 v2.01 AMS text
 (/usr/share/texlive/texmf-dist/tex/latex/amsmath/amsgen.sty
File: amsgen.sty 1999/11/30 v2.0 generic functions
\@emptytoks=\toks18
\ex@=\dimen142
)) (/usr/share/texlive/texmf-dist/tex/latex/amsmath/amsbsy.sty
Package: amsbsy 1999/11/29 v1.2d Bold Symbols
\pmbraise@=\dimen143
) (/usr/share/texlive/texmf-dist/tex/latex/amsmath/amsopn.sty
Package: amsopn 2016/03/08 v2.02 operator names
)
\inf@bad=\count190
LaTeX Info: Redefining \frac on input line 234.
\uproot@=\count191
\leftroot@=\count192
LaTeX Info: Redefining \overline on input line 399.
\classnum@=\count193
\DOTSCASE@=\count194
LaTeX Info: Redefining \ldots on input line 496.
LaTeX Info: Redefining \dots on input line 499.
LaTeX Info: Redefining \cdots on input line 620.
\Mathstrutbox@=\box47
\strutbox@=\box48
\big@size=\dimen144
LaTeX Font Info:    Redeclaring font encoding OML on input line 743.
LaTeX Font Info:    Redeclaring font encoding OMS on input line 744.
\macc@depth=\count195
\c@MaxMatrixCols=\count196
\dotsspace@=\muskip16
\c@parentequation=\count197
\dspbrk@lvl=\count198
\tag@help=\toks19
\row@=\count199
\column@=\count266
\maxfields@=\count267
\andhelp@=\toks20
\eqnshift@=\dimen145
\alignsep@=\dimen146
\tagshift@=\dimen147
\tagwidth@=\dimen148
\totwidth@=\dimen149
\lineht@=\dimen150
\@envbody=\toks21
\multlinegap=\skip54
\multlinetaggap=\skip55
\mathdisplay@stack=\toks22
LaTeX Info: Redefining \[ on input line 2923.
LaTeX Info: Redefining \] on input line 2924.
)
LaTeX Info: Thecontrolsequence`\('isalreadyrobust on input line 130.
LaTeX Info: Thecontrolsequence`\)'isalreadyrobust on input line 130.
LaTeX Info: Thecontrolsequence`\['isalreadyrobust on input line 130.
LaTeX Info: Thecontrolsequence`\]'isalreadyrobust on input line 130.
\g_MT_multlinerow_int=\count268
\l_MT_multwidth_dim=\dimen151
\origjot=\skip56
\l_MT_shortvdotswithinadjustabove_dim=\dimen152
\l_MT_shortvdotswithinadjustbelow_dim=\dimen153
\l_MT_above_intertext_sep=\dimen154
\l_MT_below_intertext_sep=\dimen155
\l_MT_above_shortintertext_sep=\dimen156
\l_MT_below_shortintertext_sep=\dimen157
\xmathstrut@box=\box49
\xmathstrut@dim=\dimen158
) (/usr/share/texlive/texmf-dist/tex/latex/amsfonts/amssymb.sty
Package: amssymb 2013/01/14 v3.01 AMS font symbols
 (/usr/share/texlive/texmf-dist/tex/latex/amsfonts/amsfonts.sty
Package: amsfonts 2013/01/14 v3.01 Basic AMSFonts support
\symAMSa=\mathgroup4
\symAMSb=\mathgroup5
LaTeX Font Info:    Redeclaring math symbol \hbar on input line 98.
LaTeX Font Info:    Overwriting math alphabet `\mathfrak' in version `bold'
(Font)                  U/euf/m/n --> U/euf/b/n on input line 106.
)) (/usr/share/texlive/texmf-dist/tex/latex/tools/indentfirst.sty
Package: indentfirst 1995/11/23 v1.03 Indent first paragraph (DPC)
) (/usr/share/texlive/texmf-dist/tex/latex/graphics/graphicx.sty
Package: graphicx 2020/09/09 v1.2b Enhanced LaTeX Graphics (DPC,SPQR)
 (/usr/share/texlive/texmf-dist/tex/latex/graphics/graphics.sty
Package: graphics 2020/08/30 v1.4c Standard LaTeX Graphics (DPC,SPQR)
 (/usr/share/texlive/texmf-dist/tex/latex/graphics-cfg/graphics.cfg
File: graphics.cfg 2016/06/04 v1.11 sample graphics configuration
)
Package graphics Info: Driver file: pdftex.def on input line 105.
)
\Gin@req@height=\dimen159
\Gin@req@width=\dimen160
) (/usr/share/texlive/texmf-dist/tex/latex/todonotes/todonotes.sty
Package: todonotes 2020/08/18 v1.1.3 Todonotes source and documentation.
Package: todonotes 2018/11/22
 (/usr/share/texlive/texmf-dist/tex/latex/base/ifthen.sty
Package: ifthen 2014/09/29 v1.1c Standard LaTeX ifthen package (DPC)
) (/usr/share/texlive/texmf-dist/tex/latex/xkeyval/xkeyval.sty
Package: xkeyval 2020/11/20 v2.8 package option processing (HA)
 (/usr/share/texlive/texmf-dist/tex/generic/xkeyval/xkeyval.tex (/usr/share/texlive/texmf-dist/tex/generic/xkeyval/xkvutils.tex
\XKV@toks=\toks23
\XKV@tempa@toks=\toks24
)
\XKV@depth=\count269
File: xkeyval.tex 2014/12/03 v2.7a key=value parser (HA)
)) (/usr/share/texlive/texmf-dist/tex/latex/pgf/frontendlayer/tikz.sty (/usr/share/texlive/texmf-dist/tex/latex/pgf/basiclayer/pgf.sty (/usr/share/texlive/texmf-dist/tex/latex/pgf/utilities/pgfrcs.sty (/usr/share/texlive/texmf-dist/tex/generic/pgf/utilities/pgfutil-common.tex
\pgfutil@everybye=\toks25
\pgfutil@tempdima=\dimen161
\pgfutil@tempdimb=\dimen162
 (/usr/share/texlive/texmf-dist/tex/generic/pgf/utilities/pgfutil-common-lists.tex)) (/usr/share/texlive/texmf-dist/tex/generic/pgf/utilities/pgfutil-latex.def
\pgfutil@abb=\box50
) (/usr/share/texlive/texmf-dist/tex/generic/pgf/utilities/pgfrcs.code.tex (/usr/share/texlive/texmf-dist/tex/generic/pgf/pgf.revision.tex)
Package: pgfrcs 2020/12/27 v3.1.8b (3.1.8b)
))
Package: pgf 2020/12/27 v3.1.8b (3.1.8b)
 (/usr/share/texlive/texmf-dist/tex/latex/pgf/basiclayer/pgfcore.sty (/usr/share/texlive/texmf-dist/tex/latex/pgf/systemlayer/pgfsys.sty (/usr/share/texlive/texmf-dist/tex/generic/pgf/systemlayer/pgfsys.code.tex
Package: pgfsys 2020/12/27 v3.1.8b (3.1.8b)
 (/usr/share/texlive/texmf-dist/tex/generic/pgf/utilities/pgfkeys.code.tex
\pgfkeys@pathtoks=\toks26
\pgfkeys@temptoks=\toks27
 (/usr/share/texlive/texmf-dist/tex/generic/pgf/utilities/pgfkeysfiltered.code.tex
\pgfkeys@tmptoks=\toks28
))
\pgf@x=\dimen163
\pgf@y=\dimen164
\pgf@xa=\dimen165
\pgf@ya=\dimen166
\pgf@xb=\dimen167
\pgf@yb=\dimen168
\pgf@xc=\dimen169
\pgf@yc=\dimen170
\pgf@xd=\dimen171
\pgf@yd=\dimen172
\w@pgf@writea=\write3
\r@pgf@reada=\read3
\c@pgf@counta=\count270
\c@pgf@countb=\count271
\c@pgf@countc=\count272
\c@pgf@countd=\count273
\t@pgf@toka=\toks29
\t@pgf@tokb=\toks30
\t@pgf@tokc=\toks31
\pgf@sys@id@count=\count274
 (/usr/share/texlive/texmf-dist/tex/generic/pgf/systemlayer/pgf.cfg
File: pgf.cfg 2020/12/27 v3.1.8b (3.1.8b)
)
Driver file for pgf: pgfsys-pdftex.def
 (/usr/share/texlive/texmf-dist/tex/generic/pgf/systemlayer/pgfsys-pdftex.def
File: pgfsys-pdftex.def 2020/12/27 v3.1.8b (3.1.8b)
 (/usr/share/texlive/texmf-dist/tex/generic/pgf/systemlayer/pgfsys-common-pdf.def
File: pgfsys-common-pdf.def 2020/12/27 v3.1.8b (3.1.8b)
))) (/usr/share/texlive/texmf-dist/tex/generic/pgf/systemlayer/pgfsyssoftpath.code.tex
File: pgfsyssoftpath.code.tex 2020/12/27 v3.1.8b (3.1.8b)
\pgfsyssoftpath@smallbuffer@items=\count275
\pgfsyssoftpath@bigbuffer@items=\count276
) (/usr/share/texlive/texmf-dist/tex/generic/pgf/systemlayer/pgfsysprotocol.code.tex
File: pgfsysprotocol.code.tex 2020/12/27 v3.1.8b (3.1.8b)
)) (/usr/share/texlive/texmf-dist/tex/generic/pgf/basiclayer/pgfcore.code.tex
Package: pgfcore 2020/12/27 v3.1.8b (3.1.8b)
 (/usr/share/texlive/texmf-dist/tex/generic/pgf/math/pgfmath.code.tex (/usr/share/texlive/texmf-dist/tex/generic/pgf/math/pgfmathcalc.code.tex (/usr/share/texlive/texmf-dist/tex/generic/pgf/math/pgfmathutil.code.tex) (/usr/share/texlive/texmf-dist/tex/generic/pgf/math/pgfmathparser.code.tex
\pgfmath@dimen=\dimen173
\pgfmath@count=\count277
\pgfmath@box=\box51
\pgfmath@toks=\toks32
\pgfmath@stack@operand=\toks33
\pgfmath@stack@operation=\toks34
) (/usr/share/texlive/texmf-dist/tex/generic/pgf/math/pgfmathfunctions.code.tex (/usr/share/texlive/texmf-dist/tex/generic/pgf/math/pgfmathfunctions.basic.code.tex) (/usr/share/texlive/texmf-dist/tex/generic/pgf/math/pgfmathfunctions.trigonometric.code.tex) (/usr/share/texlive/texmf-dist/tex/generic/pgf/math/pgfmathfunctions.random.code.tex) (/usr/share/texlive/texmf-dist/tex/generic/pgf/math/pgfmathfunctions.comparison.code.tex) (/usr/share/texlive/texmf-dist/tex/generic/pgf/math/pgfmathfunctions.base.code.tex) (/usr/share/texlive/texmf-dist/tex/generic/pgf/math/pgfmathfunctions.round.code.tex) (/usr/share/texlive/texmf-dist/tex/generic/pgf/math/pgfmathfunctions.misc.code.tex) (/usr/share/texlive/texmf-dist/tex/generic/pgf/math/pgfmathfunctions.integerarithmetics.code.tex))) (/usr/share/texlive/texmf-dist/tex/generic/pgf/math/pgfmathfloat.code.tex
\c@pgfmathroundto@lastzeros=\count278
)) (/usr/share/texlive/texmf-dist/tex/generic/pgf/math/pgfint.code.tex) (/usr/share/texlive/texmf-dist/tex/generic/pgf/basiclayer/pgfcorepoints.code.tex
File: pgfcorepoints.code.tex 2020/12/27 v3.1.8b (3.1.8b)
\pgf@picminx=\dimen174
\pgf@picmaxx=\dimen175
\pgf@picminy=\dimen176
\pgf@picmaxy=\dimen177
\pgf@pathminx=\dimen178
\pgf@pathmaxx=\dimen179
\pgf@pathminy=\dimen180
\pgf@pathmaxy=\dimen181
\pgf@xx=\dimen182
\pgf@xy=\dimen183
\pgf@yx=\dimen184
\pgf@yy=\dimen185
\pgf@zx=\dimen186
\pgf@zy=\dimen187
) (/usr/share/texlive/texmf-dist/tex/generic/pgf/basiclayer/pgfcorepathconstruct.code.tex
File: pgfcorepathconstruct.code.tex 2020/12/27 v3.1.8b (3.1.8b)
\pgf@path@lastx=\dimen188
\pgf@path@lasty=\dimen189
) (/usr/share/texlive/texmf-dist/tex/generic/pgf/basiclayer/pgfcorepathusage.code.tex
File: pgfcorepathusage.code.tex 2020/12/27 v3.1.8b (3.1.8b)
\pgf@shorten@end@additional=\dimen190
\pgf@shorten@start@additional=\dimen191
) (/usr/share/texlive/texmf-dist/tex/generic/pgf/basiclayer/pgfcorescopes.code.tex
File: pgfcorescopes.code.tex 2020/12/27 v3.1.8b (3.1.8b)
\pgfpic=\box52
\pgf@hbox=\box53
\pgf@layerbox@main=\box54
\pgf@picture@serial@count=\count279
) (/usr/share/texlive/texmf-dist/tex/generic/pgf/basiclayer/pgfcoregraphicstate.code.tex
File: pgfcoregraphicstate.code.tex 2020/12/27 v3.1.8b (3.1.8b)
\pgflinewidth=\dimen192
) (/usr/share/texlive/texmf-dist/tex/generic/pgf/basiclayer/pgfcoretransformations.code.tex
File: pgfcoretransformations.code.tex 2020/12/27 v3.1.8b (3.1.8b)
\pgf@pt@x=\dimen193
\pgf@pt@y=\dimen194
\pgf@pt@temp=\dimen195
) (/usr/share/texlive/texmf-dist/tex/generic/pgf/basiclayer/pgfcorequick.code.tex
File: pgfcorequick.code.tex 2020/12/27 v3.1.8b (3.1.8b)
) (/usr/share/texlive/texmf-dist/tex/generic/pgf/basiclayer/pgfcoreobjects.code.tex
File: pgfcoreobjects.code.tex 2020/12/27 v3.1.8b (3.1.8b)
) (/usr/share/texlive/texmf-dist/tex/generic/pgf/basiclayer/pgfcorepathprocessing.code.tex
File: pgfcorepathprocessing.code.tex 2020/12/27 v3.1.8b (3.1.8b)
) (/usr/share/texlive/texmf-dist/tex/generic/pgf/basiclayer/pgfcorearrows.code.tex
File: pgfcorearrows.code.tex 2020/12/27 v3.1.8b (3.1.8b)
\pgfarrowsep=\dimen196
) (/usr/share/texlive/texmf-dist/tex/generic/pgf/basiclayer/pgfcoreshade.code.tex
File: pgfcoreshade.code.tex 2020/12/27 v3.1.8b (3.1.8b)
\pgf@max=\dimen197
\pgf@sys@shading@range@num=\count280
\pgf@shadingcount=\count281
) (/usr/share/texlive/texmf-dist/tex/generic/pgf/basiclayer/pgfcoreimage.code.tex
File: pgfcoreimage.code.tex 2020/12/27 v3.1.8b (3.1.8b)
 (/usr/share/texlive/texmf-dist/tex/generic/pgf/basiclayer/pgfcoreexternal.code.tex
File: pgfcoreexternal.code.tex 2020/12/27 v3.1.8b (3.1.8b)
\pgfexternal@startupbox=\box55
)) (/usr/share/texlive/texmf-dist/tex/generic/pgf/basiclayer/pgfcorelayers.code.tex
File: pgfcorelayers.code.tex 2020/12/27 v3.1.8b (3.1.8b)
) (/usr/share/texlive/texmf-dist/tex/generic/pgf/basiclayer/pgfcoretransparency.code.tex
File: pgfcoretransparency.code.tex 2020/12/27 v3.1.8b (3.1.8b)
) (/usr/share/texlive/texmf-dist/tex/generic/pgf/basiclayer/pgfcorepatterns.code.tex
File: pgfcorepatterns.code.tex 2020/12/27 v3.1.8b (3.1.8b)
) (/usr/share/texlive/texmf-dist/tex/generic/pgf/basiclayer/pgfcorerdf.code.tex
File: pgfcorerdf.code.tex 2020/12/27 v3.1.8b (3.1.8b)
))) (/usr/share/texlive/texmf-dist/tex/generic/pgf/modules/pgfmoduleshapes.code.tex
File: pgfmoduleshapes.code.tex 2020/12/27 v3.1.8b (3.1.8b)
\pgfnodeparttextbox=\box56
) (/usr/share/texlive/texmf-dist/tex/generic/pgf/modules/pgfmoduleplot.code.tex
File: pgfmoduleplot.code.tex 2020/12/27 v3.1.8b (3.1.8b)
) (/usr/share/texlive/texmf-dist/tex/latex/pgf/compatibility/pgfcomp-version-0-65.sty
Package: pgfcomp-version-0-65 2020/12/27 v3.1.8b (3.1.8b)
\pgf@nodesepstart=\dimen198
\pgf@nodesepend=\dimen199
) (/usr/share/texlive/texmf-dist/tex/latex/pgf/compatibility/pgfcomp-version-1-18.sty
Package: pgfcomp-version-1-18 2020/12/27 v3.1.8b (3.1.8b)
)) (/usr/share/texlive/texmf-dist/tex/latex/pgf/utilities/pgffor.sty (/usr/share/texlive/texmf-dist/tex/latex/pgf/utilities/pgfkeys.sty (/usr/share/texlive/texmf-dist/tex/generic/pgf/utilities/pgfkeys.code.tex)) (/usr/share/texlive/texmf-dist/tex/latex/pgf/math/pgfmath.sty (/usr/share/texlive/texmf-dist/tex/generic/pgf/math/pgfmath.code.tex)) (/usr/share/texlive/texmf-dist/tex/generic/pgf/utilities/pgffor.code.tex
Package: pgffor 2020/12/27 v3.1.8b (3.1.8b)
 (/usr/share/texlive/texmf-dist/tex/generic/pgf/math/pgfmath.code.tex)
\pgffor@iter=\dimen256
\pgffor@skip=\dimen257
\pgffor@stack=\toks35
\pgffor@toks=\toks36
)) (/usr/share/texlive/texmf-dist/tex/generic/pgf/frontendlayer/tikz/tikz.code.tex
Package: tikz 2020/12/27 v3.1.8b (3.1.8b)
 (/usr/share/texlive/texmf-dist/tex/generic/pgf/libraries/pgflibraryplothandlers.code.tex
File: pgflibraryplothandlers.code.tex 2020/12/27 v3.1.8b (3.1.8b)
\pgf@plot@mark@count=\count282
\pgfplotmarksize=\dimen258
)
\tikz@lastx=\dimen259
\tikz@lasty=\dimen260
\tikz@lastxsaved=\dimen261
\tikz@lastysaved=\dimen262
\tikz@lastmovetox=\dimen263
\tikz@lastmovetoy=\dimen264
\tikzleveldistance=\dimen265
\tikzsiblingdistance=\dimen266
\tikz@figbox=\box57
\tikz@figbox@bg=\box58
\tikz@tempbox=\box59
\tikz@tempbox@bg=\box60
\tikztreelevel=\count283
\tikznumberofchildren=\count284
\tikznumberofcurrentchild=\count285
\tikz@fig@count=\count286
 (/usr/share/texlive/texmf-dist/tex/generic/pgf/modules/pgfmodulematrix.code.tex
File: pgfmodulematrix.code.tex 2020/12/27 v3.1.8b (3.1.8b)
\pgfmatrixcurrentrow=\count287
\pgfmatrixcurrentcolumn=\count288
\pgf@matrix@numberofcolumns=\count289
)
\tikz@expandcount=\count290
 (/usr/share/texlive/texmf-dist/tex/generic/pgf/frontendlayer/tikz/libraries/tikzlibrarytopaths.code.tex
File: tikzlibrarytopaths.code.tex 2020/12/27 v3.1.8b (3.1.8b)
))) (/usr/share/texlive/texmf-dist/tex/generic/pgf/frontendlayer/tikz/libraries/tikzlibrarypositioning.code.tex
File: tikzlibrarypositioning.code.tex 2020/12/27 v3.1.8b (3.1.8b)
) (/usr/share/texlive/texmf-dist/tex/generic/pgf/frontendlayer/tikz/libraries/tikzlibraryshadows.code.tex
File: tikzlibraryshadows.code.tex 2020/12/27 v3.1.8b (3.1.8b)
 (/usr/share/texlive/texmf-dist/tex/generic/pgf/frontendlayer/tikz/libraries/tikzlibraryfadings.code.tex
File: tikzlibraryfadings.code.tex 2020/12/27 v3.1.8b (3.1.8b)
 (/usr/share/texlive/texmf-dist/tex/generic/pgf/libraries/pgflibraryfadings.code.tex
File: pgflibraryfadings.code.tex 2020/12/27 v3.1.8b (3.1.8b)
)))
\c@@todonotes@numberoftodonotes=\count291
) (/usr/share/texlive/texmf-dist/tex/latex/l3backend/l3backend-pdftex.def
File: l3backend-pdftex.def 2020-01-29 L3 backend support: PDF output (pdfTeX)
\l__color_backend_stack_int=\count292
\l__pdf_internal_box=\box61
) (/home/heitor/Documents/USP/IC/Estudos-Processamento-de-Imagens/Anotações/Anotações.aux)
\openout1 = `Anotações.aux'.

LaTeX Font Info:    Checking defaults for OML/cmm/m/it on input line 16.
LaTeX Font Info:    ... okay on input line 16.
LaTeX Font Info:    Checking defaults for OMS/cmsy/m/n on input line 16.
LaTeX Font Info:    ... okay on input line 16.
LaTeX Font Info:    Checking defaults for OT1/cmr/m/n on input line 16.
LaTeX Font Info:    ... okay on input line 16.
LaTeX Font Info:    Checking defaults for T1/cmr/m/n on input line 16.
LaTeX Font Info:    ... okay on input line 16.
LaTeX Font Info:    Checking defaults for TS1/cmr/m/n on input line 16.
LaTeX Font Info:    ... okay on input line 16.
LaTeX Font Info:    Checking defaults for OMX/cmex/m/n on input line 16.
LaTeX Font Info:    ... okay on input line 16.
LaTeX Font Info:    Checking defaults for U/cmr/m/n on input line 16.
LaTeX Font Info:    ... okay on input line 16.
 (/usr/share/texlive/texmf-dist/tex/context/base/mkii/supp-pdf.mkii
[Loading MPS to PDF converter (version 2006.09.02).]
\scratchcounter=\count293
\scratchdimen=\dimen267
\scratchbox=\box62
\nofMPsegments=\count294
\nofMParguments=\count295
\everyMPshowfont=\toks37
\MPscratchCnt=\count296
\MPscratchDim=\dimen268
\MPnumerator=\count297
\makeMPintoPDFobject=\count298
\everyMPtoPDFconversion=\toks38
) (/usr/share/texlive/texmf-dist/tex/latex/epstopdf-pkg/epstopdf-base.sty
Package: epstopdf-base 2020-01-24 v2.11 Base part for package epstopdf
Package epstopdf-base Info: Redefining graphics rule for `.eps' on input line 485.
 (/usr/share/texlive/texmf-dist/tex/latex/latexconfig/epstopdf-sys.cfg
File: epstopdf-sys.cfg 2010/07/13 v1.3 Configuration of (r)epstopdf for TeX Live
))

Package todonotes Warning: The length marginparwidth is less than 2cm and will most likely cause issues with the appearance of inserted todonotes. The issue can be solved by adding a line like \setlength {\marginparwidth }{2cm} prior to loading the todonotes package. on input line 16.

(/home/heitor/Documents/USP/IC/Estudos-Processamento-de-Imagens/Anotações/Anotações.toc
LaTeX Font Info:    Trying to load font information for U+msa on input line 3.
 (/usr/share/texlive/texmf-dist/tex/latex/amsfonts/umsa.fd
File: umsa.fd 2013/01/14 v3.01 AMS symbols A
)
LaTeX Font Info:    Trying to load font information for U+msb on input line 3.
 (/usr/share/texlive/texmf-dist/tex/latex/amsfonts/umsb.fd
File: umsb.fd 2013/01/14 v3.01 AMS symbols B
) [1

{/var/lib/texmf/fonts/map/pdftex/updmap/pdftex.map}] [2]
Overfull \hbox (5.45383pt too wide) in paragraph at lines 77--77
 [] []\OT1/cmr/bx/n/12 An^^Salise do Frequ^encia de Dom^^S^^Pnio - Fre-quency Do-main Analy- 
 []

[3])
\tf@toc=\write4
\openout4 = `Anotações.toc'.

 [4]
Underfull \hbox (badness 10000) in paragraph at lines 61--63

 []


Underfull \hbox (badness 10000) in paragraph at lines 64--66

 []


Underfull \hbox (badness 10000) in paragraph at lines 67--69

 []


Underfull \hbox (badness 10000) in paragraph at lines 70--72

 []

[1]
Underfull \hbox (badness 10000) in paragraph at lines 95--99

 []

[2] [3] [4] [5]
<images/otica.png, id=65, 767.11594pt x 347.04657pt>
File: images/otica.png Graphic file (type png)
<use images/otica.png>
Package pdftex.def Info: images/otica.png  used on input line 189.
(pdftex.def)             Requested size: 383.55702pt x 173.52286pt.
 [6 </home/heitor/Documents/USP/IC/Estudos-Processamento-de-Imagens/Anotações/images/otica.png>]
<images/binaria.png, id=70, 642.4pt x 321.2pt>
File: images/binaria.png Graphic file (type png)
<use images/binaria.png>
Package pdftex.def Info: images/binaria.png  used on input line 223.
(pdftex.def)             Requested size: 321.19922pt x 160.59961pt.
<images/grayscale.jpg, id=71, 333.245pt x 301.125pt>
File: images/grayscale.jpg Graphic file (type jpg)
<use images/grayscale.jpg>
Package pdftex.def Info: images/grayscale.jpg  used on input line 230.
(pdftex.def)             Requested size: 166.62209pt x 150.56212pt.
<images/colorida.png, id=72, 602.25pt x 401.5pt>
File: images/colorida.png Graphic file (type png)
<use images/colorida.png>
Package pdftex.def Info: images/colorida.png  used on input line 246.
(pdftex.def)             Requested size: 240.89572pt x 160.59715pt.
 [7 </home/heitor/Documents/USP/IC/Estudos-Processamento-de-Imagens/Anotações/images/binaria.png>]
contour: Using real outline for `\leavevmode{\color {white}Branco}' on input line 254.
[8 </home/heitor/Documents/USP/IC/Estudos-Processamento-de-Imagens/Anotações/images/grayscale.jpg> </home/heitor/Documents/USP/IC/Estudos-Processamento-de-Imagens/Anotações/images/colorida.png>] [9]
<images/rgb.jpg, id=83, 299.1175pt x 230.8625pt>
File: images/rgb.jpg Graphic file (type jpg)
<use images/rgb.jpg>
Package pdftex.def Info: images/rgb.jpg  used on input line 306.
(pdftex.def)             Requested size: 117.00119pt x 90.30373pt.
<images/avg_gray.jpg, id=84, 309.155pt x 214.8025pt>
File: images/avg_gray.jpg Graphic file (type jpg)
<use images/avg_gray.jpg>
Package pdftex.def Info: images/avg_gray.jpg  used on input line 310.
(pdftex.def)             Requested size: 117.00119pt x 81.29147pt.

Underfull \hbox (badness 6927) in paragraph at lines 311--311
[]\OT1/cmr/m/n/12 Figura 6: Ima-gem
 []

File: images/rgb.jpg Graphic file (type jpg)
<use images/rgb.jpg>
Package pdftex.def Info: images/rgb.jpg  used on input line 321.
(pdftex.def)             Requested size: 117.00119pt x 90.30373pt.
<images/weighted_gray.jpg, id=85, 339.2675pt x 210.7875pt>
File: images/weighted_gray.jpg Graphic file (type jpg)
<use images/weighted_gray.jpg>
Package pdftex.def Info: images/weighted_gray.jpg  used on input line 325.
(pdftex.def)             Requested size: 117.00119pt x 72.69281pt.

Underfull \hbox (badness 6927) in paragraph at lines 326--326
[]\OT1/cmr/m/n/12 Figura 8: Ima-gem
 []


Underfull \hbox (badness 2932) in paragraph at lines 326--326
\OT1/cmr/m/n/12 Grays-cale feita uti-li-
 []

[10 </home/heitor/Documents/USP/IC/Estudos-Processamento-de-Imagens/Anotações/images/rgb.jpg> </home/heitor/Documents/USP/IC/Estudos-Processamento-de-Imagens/Anotações/images/avg_gray.jpg>] [11 </home/heitor/Documents/USP/IC/Estudos-Processamento-de-Imagens/Anotações/images/weighted_gray.jpg>]
Underfull \hbox (badness 10000) in paragraph at lines 354--359

 []


Underfull \hbox (badness 10000) in paragraph at lines 360--364

 []

[12]
Overfull \hbox (83.31918pt too wide) in paragraph at lines 415--418
\OML/cmm/m/it/12 tamanhoFinal \OT1/cmr/m/n/12 = #\OML/cmm/m/it/12 linhasDaImagemOriginal \OMS/cmsy/m/n/12 ^^A \OML/cmm/m/it/12 fatorZoom \OMS/cmsy/m/n/12 ^^B \OT1/cmr/m/n/12 #\OML/cmm/m/it/12 colunasDaImagemOriginal \OMS/cmsy/m/n/12 ^^A
 []

[13]
Underfull \hbox (badness 10000) in paragraph at lines 463--511

 []

[14]
Overfull \hbox (1.3533pt too wide) in paragraph at lines 527--528
[][]\OT1/cmr/m/n/14.4 FIQUEI CON-FUSO AQUI. O TU-TO-RIAL DIZ QUE A IMA-
 []

[15]
<images/einsteinNitido.jpg, id=107, 186.6975pt x 182.6825pt>
File: images/einsteinNitido.jpg Graphic file (type jpg)
<use images/einsteinNitido.jpg>
Package pdftex.def Info: images/einsteinNitido.jpg  used on input line 548.
(pdftex.def)             Requested size: 117.00119pt x 114.48567pt.
<images/einstein_spatial.jpg, id=108, 186.6975pt x 182.6825pt>
File: images/einstein_spatial.jpg Graphic file (type jpg)
<use images/einstein_spatial.jpg>
Package pdftex.def Info: images/einstein_spatial.jpg  used on input line 552.
(pdftex.def)             Requested size: 117.00119pt x 114.48567pt.

Underfull \hbox (badness 3000) in paragraph at lines 553--553
[]\OT1/cmr/m/n/12 Figura 10: Ima-gem
 []


Underfull \hbox (badness 1303) in paragraph at lines 553--553
\OT1/cmr/m/n/12 com me-nor re-solu^^Xc~ao
 []

[16 </home/heitor/Documents/USP/IC/Estudos-Processamento-de-Imagens/Anotações/images/einsteinNitido.jpg> </home/heitor/Documents/USP/IC/Estudos-Processamento-de-Imagens/Anotações/images/einstein_spatial.jpg>]
<images/einstein256.jpg, id=112, 186.6975pt x 182.6825pt>
File: images/einstein256.jpg Graphic file (type jpg)
<use images/einstein256.jpg>
Package pdftex.def Info: images/einstein256.jpg  used on input line 586.
(pdftex.def)             Requested size: 66.29929pt x 64.87364pt.

Underfull \hbox (badness 10000) in paragraph at lines 587--587
[]\OT1/cmr/m/n/12 Figura 11:
 []

<images/128.jpg, id=113, 189.70876pt x 182.6825pt>
File: images/128.jpg Graphic file (type jpg)
<use images/128.jpg>
Package pdftex.def Info: images/128.jpg  used on input line 590.
(pdftex.def)             Requested size: 66.29929pt x 63.84505pt.

Underfull \hbox (badness 10000) in paragraph at lines 591--591
[]\OT1/cmr/m/n/12 Figura 12:
 []

<images/64.jpg, id=114, 188.705pt x 181.67876pt>
File: images/64.jpg Graphic file (type jpg)
<use images/64.jpg>
Package pdftex.def Info: images/64.jpg  used on input line 594.
(pdftex.def)             Requested size: 66.29929pt x 63.82968pt.

Underfull \hbox (badness 10000) in paragraph at lines 595--595
[]\OT1/cmr/m/n/12 Figura 13:
 []

<images/32.jpg, id=115, 189.70876pt x 183.68625pt>
File: images/32.jpg Graphic file (type jpg)
<use images/32.jpg>
Package pdftex.def Info: images/32.jpg  used on input line 598.
(pdftex.def)             Requested size: 66.29929pt x 64.19585pt.

Underfull \hbox (badness 10000) in paragraph at lines 599--599
[]\OT1/cmr/m/n/12 Figura 14:
 []

<images/16.jpg, id=116, 183.68625pt x 188.705pt>
File: images/16.jpg Graphic file (type jpg)
<use images/16.jpg>
Package pdftex.def Info: images/16.jpg  used on input line 606.
(pdftex.def)             Requested size: 66.29929pt x 68.11226pt.

Underfull \hbox (badness 10000) in paragraph at lines 607--607
[]\OT1/cmr/m/n/12 Figura 15:
 []

<images/8.jpg, id=117, 186.6975pt x 182.6825pt>
File: images/8.jpg Graphic file (type jpg)
<use images/8.jpg>
Package pdftex.def Info: images/8.jpg  used on input line 610.
(pdftex.def)             Requested size: 66.29929pt x 64.87364pt.

Underfull \hbox (badness 10000) in paragraph at lines 611--611
[]\OT1/cmr/m/n/12 Figura 16:
 []


Underfull \hbox (badness 2913) in paragraph at lines 611--611
\OT1/cmr/m/n/12 8 n^^S^^Pveis de
 []

<images/4.jpg, id=118, 187.70125pt x 183.68625pt>
File: images/4.jpg Graphic file (type jpg)
<use images/4.jpg>
Package pdftex.def Info: images/4.jpg  used on input line 614.
(pdftex.def)             Requested size: 66.29929pt x 64.88254pt.

Underfull \hbox (badness 10000) in paragraph at lines 615--615
[]\OT1/cmr/m/n/12 Figura 17:
 []


Underfull \hbox (badness 2913) in paragraph at lines 615--615
\OT1/cmr/m/n/12 4 n^^S^^Pveis de
 []

<images/2.jpg, id=119, 184.69pt x 181.67876pt>
File: images/2.jpg Graphic file (type jpg)
<use images/2.jpg>
Package pdftex.def Info: images/2.jpg  used on input line 618.
(pdftex.def)             Requested size: 66.29929pt x 65.21855pt.

Underfull \hbox (badness 10000) in paragraph at lines 619--619
[]\OT1/cmr/m/n/12 Figura 18:
 []


Underfull \hbox (badness 10000) in paragraph at lines 619--619
\OT1/cmr/m/n/12 n^^S^^Pveis de
 []


Overfull \hbox (9.29675pt too wide) in paragraph at lines 578--622
[]\OT1/cmr/m/n/14.4 J^^Sa sa-be-mos que, no pro-cesso de con-vers~ao de um si-nal anal^^Sogico
 []

[17] [18 </home/heitor/Documents/USP/IC/Estudos-Processamento-de-Imagens/Anotações/images/einstein256.jpg> </home/heitor/Documents/USP/IC/Estudos-Processamento-de-Imagens/Anotações/images/128.jpg> </home/heitor/Documents/USP/IC/Estudos-Processamento-de-Imagens/Anotações/images/64.jpg> </home/heitor/Documents/USP/IC/Estudos-Processamento-de-Imagens/Anotações/images/32.jpg> </home/heitor/Documents/USP/IC/Estudos-Processamento-de-Imagens/Anotações/images/16.jpg> </home/heitor/Documents/USP/IC/Estudos-Processamento-de-Imagens/Anotações/images/8.jpg> </home/heitor/Documents/USP/IC/Estudos-Processamento-de-Imagens/Anotações/images/4.jpg> </home/heitor/Documents/USP/IC/Estudos-Processamento-de-Imagens/Anotações/images/2.jpg>]
Overfull \hbox (25.58551pt too wide) in paragraph at lines 631--631
[]\OT1/cmr/bx/n/17.28 Conceito de Dithe-ring []ACHEI ESSA SE[][]AO
 []


Underfull \hbox (badness 10000) in paragraph at lines 632--635

 []

File: images/einsteinNitido.jpg Graphic file (type jpg)
<use images/einsteinNitido.jpg>
Package pdftex.def Info: images/einsteinNitido.jpg  used on input line 646.
(pdftex.def)             Requested size: 117.00119pt x 114.48567pt.
<images/histograma.jpg, id=128, 483.8075pt x 378.41376pt>
File: images/histograma.jpg Graphic file (type jpg)
<use images/histograma.jpg>
Package pdftex.def Info: images/histograma.jpg  used on input line 650.
(pdftex.def)             Requested size: 145.14337pt x 113.525pt.

Overfull \hbox (28.14218pt too wide) in paragraph at lines 650--651
[][] 
 []

[19] [20 </home/heitor/Documents/USP/IC/Estudos-Processamento-de-Imagens/Anotações/images/histograma.jpg>]
Underfull \hbox (badness 10000) in paragraph at lines 670--676

 []

[21]
Underfull \hbox (badness 10000) in paragraph at lines 694--698

 []

<images/origins.png, id=139, 627.34375pt x 241.90375pt>
File: images/origins.png Graphic file (type png)
<use images/origins.png>
Package pdftex.def Info: images/origins.png  used on input line 708.
(pdftex.def)             Requested size: 313.6711pt x 120.95157pt.

Underfull \hbox (badness 10000) in paragraph at lines 704--712

 []

<images/minMax.png, id=140, 627.34375pt x 246.9225pt>
File: images/minMax.png Graphic file (type png)
<use images/minMax.png>
Package pdftex.def Info: images/minMax.png  used on input line 715.
(pdftex.def)             Requested size: 313.6711pt x 123.46094pt.
[22 </home/heitor/Documents/USP/IC/Estudos-Processamento-de-Imagens/Anotações/images/origins.png>]
<images/percentile.png, id=144, 627.34375pt x 245.91875pt>
File: images/percentile.png Graphic file (type png)
<use images/percentile.png>
Package pdftex.def Info: images/percentile.png  used on input line 729.
(pdftex.def)             Requested size: 250.93304pt x 98.36575pt.

Overfull \hbox (8.23383pt too wide) in paragraph at lines 733--733
[]\OT1/cmr/bx/n/17.28 Probabilidade para Trans-forma^^Xc~oes de His-
 []

[23 </home/heitor/Documents/USP/IC/Estudos-Processamento-de-Imagens/Anotações/images/minMax.png> </home/heitor/Documents/USP/IC/Estudos-Processamento-de-Imagens/Anotações/images/percentile.png>]
Underfull \hbox (badness 10000) in paragraph at lines 739--744

 []


Underfull \hbox (badness 10000) in paragraph at lines 755--757

 []

[24]
<images/hist1.jpg, id=151, 418.56375pt x 248.93pt>
File: images/hist1.jpg Graphic file (type jpg)
<use images/hist1.jpg>
Package pdftex.def Info: images/hist1.jpg  used on input line 777.
(pdftex.def)             Requested size: 209.28136pt x 124.46469pt.

Underfull \hbox (badness 10000) in paragraph at lines 781--785

 []

[25 </home/heitor/Documents/USP/IC/Estudos-Processamento-de-Imagens/Anotações/images/hist1.jpg>]
<images/prob3.jpg, id=155, 418.56375pt x 248.93pt>
File: images/prob3.jpg Graphic file (type jpg)
<use images/prob3.jpg>
Package pdftex.def Info: images/prob3.jpg  used on input line 806.
(pdftex.def)             Requested size: 209.28136pt x 124.46469pt.

Underfull \hbox (badness 10000) in paragraph at lines 818--821

 []

[26 </home/heitor/Documents/USP/IC/Estudos-Processamento-de-Imagens/Anotações/images/prob3.jpg>]
Underfull \hbox (badness 10000) in paragraph at lines 860--863

 []

[27]
<images/velho.png, id=164, 353.32pt x 361.35pt>
File: images/velho.png Graphic file (type png)
<use images/velho.png>
Package pdftex.def Info: images/velho.png  used on input line 867.
(pdftex.def)             Requested size: 117.00119pt x 119.6594pt.

Underfull \hbox (badness 3000) in paragraph at lines 868--868
[]\OT1/cmr/m/n/12 Figura 26: Ima-gem
 []

<images/velhoHist.png, id=166, 602.25pt x 484.81125pt>
File: images/velhoHist.png Graphic file (type png)
<use images/velhoHist.png>
Package pdftex.def Info: images/velhoHist.png  used on input line 871.
(pdftex.def)             Requested size: 180.67639pt x 145.44449pt.

Overfull \hbox (63.6752pt too wide) in paragraph at lines 871--872
[][] 
 []

<images/novo.png, id=167, 352.31625pt x 358.33875pt>
File: images/novo.png Graphic file (type png)
<use images/novo.png>
Package pdftex.def Info: images/novo.png  used on input line 879.
(pdftex.def)             Requested size: 117.00119pt x 119.00124pt.
File: images/velhoHist.png Graphic file (type png)
<use images/velhoHist.png>
Package pdftex.def Info: images/velhoHist.png  used on input line 883.
(pdftex.def)             Requested size: 180.67639pt x 145.44449pt.

Overfull \hbox (63.6752pt too wide) in paragraph at lines 883--884
[][] 
 []

[28 </home/heitor/Documents/USP/IC/Estudos-Processamento-de-Imagens/Anotações/images/velho.png> </home/heitor/Documents/USP/IC/Estudos-Processamento-de-Imagens/Anotações/images/velhoHist.png> </home/heitor/Documents/USP/IC/Estudos-Processamento-de-Imagens/Anotações/images/novo.png>]
Overfull \hbox (0.82123pt too wide) in paragraph at lines 904--906
\OT1/cmr/m/n/14.4 en-trada. Nesse sen-tido, po-de-mos evi-den-ciar duas trans-forma^^Xc~oes
 []

File: images/einstein256.jpg Graphic file (type jpg)
<use images/einstein256.jpg>
Package pdftex.def Info: images/einstein256.jpg  used on input line 927.
(pdftex.def)             Requested size: 117.00119pt x 114.48567pt.
<images/graylevel4.jpg, id=174, 186.6975pt x 185.69376pt>
File: images/graylevel4.jpg Graphic file (type jpg)
<use images/graylevel4.jpg>
Package pdftex.def Info: images/graylevel4.jpg  used on input line 931.
(pdftex.def)             Requested size: 115.75124pt x 115.12894pt.
[29]
<images/log.png, id=178, 1416.29124pt x 743.77875pt>
File: images/log.png Graphic file (type png)
<use images/log.png>
Package pdftex.def Info: images/log.png  used on input line 943.
(pdftex.def)             Requested size: 212.43452pt x 111.562pt.

Overfull \hbox (17.79327pt too wide) in paragraph at lines 938--946
[]\OT1/cmr/m/n/14.4 H^^Sa duas trans-forma^^Xc~oes lo-gar^^S^^Ptimicas prin-ci-pais, as lo-gar^^S^^Ptimicas
 []

[30 </home/heitor/Documents/USP/IC/Estudos-Processamento-de-Imagens/Anotações/images/graylevel4.jpg> </home/heitor/Documents/USP/IC/Estudos-Processamento-de-Imagens/Anotações/images/log.png>]
<images/einsteinEscuro.jpg, id=183, 183.68625pt x 181.67876pt>
File: images/einsteinEscuro.jpg Graphic file (type jpg)
<use images/einsteinEscuro.jpg>
Package pdftex.def Info: images/einsteinEscuro.jpg  used on input line 959.
(pdftex.def)             Requested size: 117.00119pt x 115.7251pt.
<images/claro.jpg, id=184, 186.6975pt x 183.68625pt>
File: images/claro.jpg Graphic file (type jpg)
<use images/claro.jpg>
Package pdftex.def Info: images/claro.jpg  used on input line 963.
(pdftex.def)             Requested size: 115.75124pt x 113.88428pt.
File: images/einsteinEscuro.jpg Graphic file (type jpg)
<use images/einsteinEscuro.jpg>
Package pdftex.def Info: images/einsteinEscuro.jpg  used on input line 979.
(pdftex.def)             Requested size: 97.5pt x 96.43619pt.
File: images/einsteinEscuro.jpg Graphic file (type jpg)
<use images/einsteinEscuro.jpg>
Package pdftex.def Info: images/einsteinEscuro.jpg  used on input line 983.
(pdftex.def)             Requested size: 97.5pt x 96.43619pt.
File: images/claro.jpg Graphic file (type jpg)
<use images/claro.jpg>
Package pdftex.def Info: images/claro.jpg  used on input line 987.
(pdftex.def)             Requested size: 97.5pt x 95.92659pt.
 [31 </home/heitor/Documents/USP/IC/Estudos-Processamento-de-Imagens/Anotações/images/einsteinEscuro.jpg> </home/heitor/Documents/USP/IC/Estudos-Processamento-de-Imagens/Anotações/images/claro.jpg>] [32] [33]
Underfull \hbox (badness 10000) in paragraph at lines 1067--1071

 []

File: images/einstein256.jpg Graphic file (type jpg)
<use images/einstein256.jpg>
Package pdftex.def Info: images/einstein256.jpg  used on input line 1079.
(pdftex.def)             Requested size: 117.00119pt x 114.48567pt.
<images/bordas.jpg, id=195, 180.675pt x 187.70125pt>
File: images/bordas.jpg Graphic file (type jpg)
<use images/bordas.jpg>
Package pdftex.def Info: images/bordas.jpg  used on input line 1083.
(pdftex.def)             Requested size: 112.01733pt x 116.37357pt.

Underfull \hbox (badness 10000) in paragraph at lines 1089--1092

 []

[34]
File: images/einstein256.jpg Graphic file (type jpg)
<use images/einstein256.jpg>
Package pdftex.def Info: images/einstein256.jpg  used on input line 1102.
(pdftex.def)             Requested size: 115.75124pt x 113.26196pt.
<images/borrado5.jpg, id=199, 184.69pt x 179.67125pt>
File: images/borrado5.jpg Graphic file (type jpg)
<use images/borrado5.jpg>
Package pdftex.def Info: images/borrado5.jpg  used on input line 1108.
(pdftex.def)             Requested size: 117.00119pt x 113.82129pt.
<images/borrado7.jpg, id=200, 181.67876pt x 178.6675pt>
File: images/borrado7.jpg Graphic file (type jpg)
<use images/borrado7.jpg>
Package pdftex.def Info: images/borrado7.jpg  used on input line 1112.
(pdftex.def)             Requested size: 112.63965pt x 110.77269pt.

Overfull \hbox (1.84462pt too wide) in paragraph at lines 1093--1116
\OT1/cmr/m/n/14.4 de sua vi-zi-nhan^^Xca. para fa-zer isso, pro-du-zi-mos uma m^^Sascara
 []

<images/borrado9.jpg, id=201, 180.675pt x 176.66pt>
File: images/borrado9.jpg Graphic file (type jpg)
<use images/borrado9.jpg>
Package pdftex.def Info: images/borrado9.jpg  used on input line 1120.
(pdftex.def)             Requested size: 117.00119pt x 114.40172pt.
<images/borrado11.jpg, id=202, 181.67876pt x 175.65625pt>
File: images/borrado11.jpg Graphic file (type jpg)
<use images/borrado11.jpg>
Package pdftex.def Info: images/borrado11.jpg  used on input line 1124.
(pdftex.def)             Requested size: 117.00119pt x 113.12453pt.
[35 </home/heitor/Documents/USP/IC/Estudos-Processamento-de-Imagens/Anotações/images/bordas.jpg>]
File: images/einstein256.jpg Graphic file (type jpg)
<use images/einstein256.jpg>
Package pdftex.def Info: images/einstein256.jpg  used on input line 1144.
(pdftex.def)             Requested size: 117.00119pt x 114.48567pt.

Underfull \hbox (badness 3000) in paragraph at lines 1145--1145
[]\OT1/cmr/m/n/12 Figura 45: Ima-gem
 []

<images/nitido.jpg, id=206, 184.69pt x 187.70125pt>
File: images/nitido.jpg Graphic file (type jpg)
<use images/nitido.jpg>
Package pdftex.def Info: images/nitido.jpg  used on input line 1148.
(pdftex.def)             Requested size: 117.00119pt x 118.90828pt.

Underfull \hbox (badness 3000) in paragraph at lines 1149--1149
[]\OT1/cmr/m/n/12 Figura 46: Ima-gem
 []

[36 </home/heitor/Documents/USP/IC/Estudos-Processamento-de-Imagens/Anotações/images/borrado5.jpg> </home/heitor/Documents/USP/IC/Estudos-Processamento-de-Imagens/Anotações/images/borrado7.jpg> </home/heitor/Documents/USP/IC/Estudos-Processamento-de-Imagens/Anotações/images/borrado9.jpg> </home/heitor/Documents/USP/IC/Estudos-Processamento-de-Imagens/Anotações/images/borrado11.jpg>]
Underfull \hbox (badness 10000) in paragraph at lines 1153--1155

 []


Underfull \hbox (badness 10000) in paragraph at lines 1166--1170

 []

[37 </home/heitor/Documents/USP/IC/Estudos-Processamento-de-Imagens/Anotações/images/nitido.jpg>]
Underfull \hbox (badness 10000) in paragraph at lines 1195--1198

 []

File: images/einstein256.jpg Graphic file (type jpg)
<use images/einstein256.jpg>
Package pdftex.def Info: images/einstein256.jpg  used on input line 1213.
(pdftex.def)             Requested size: 97.5pt x 95.4024pt.
<images/prewittvert.jpg, id=213, 297.11pt x 302.12875pt>
File: images/prewittvert.jpg Graphic file (type jpg)
<use images/prewittvert.jpg>
Package pdftex.def Info: images/prewittvert.jpg  used on input line 1217.
(pdftex.def)             Requested size: 97.5pt x 99.14496pt.

Underfull \hbox (badness 4859) in paragraph at lines 1218--1218
[]\OT1/cmr/m/n/12 Figura 48: De-
 []


Underfull \hbox (badness 2591) in paragraph at lines 1218--1218
\OT1/cmr/m/n/12 tec^^Xc~ao de bor-das
 []

<images/prewitthori.jpg, id=214, 333.245pt x 326.21875pt>
File: images/prewitthori.jpg Graphic file (type jpg)
<use images/prewitthori.jpg>
Package pdftex.def Info: images/prewitthori.jpg  used on input line 1221.
(pdftex.def)             Requested size: 97.5pt x 95.44223pt.

Underfull \hbox (badness 4859) in paragraph at lines 1222--1222
[]\OT1/cmr/m/n/12 Figura 49: De-
 []


Underfull \hbox (badness 2591) in paragraph at lines 1222--1222
\OT1/cmr/m/n/12 tec^^Xc~ao de bor-das
 []


Underfull \hbox (badness 10000) in paragraph at lines 1226--1230

 []

[38]
File: images/einstein256.jpg Graphic file (type jpg)
<use images/einstein256.jpg>
Package pdftex.def Info: images/einstein256.jpg  used on input line 1252.
(pdftex.def)             Requested size: 97.5pt x 95.4024pt.
<images/sobelvert.jpg, id=219, 299.1175pt x 311.1625pt>
File: images/sobelvert.jpg Graphic file (type jpg)
<use images/sobelvert.jpg>
Package pdftex.def Info: images/sobelvert.jpg  used on input line 1256.
(pdftex.def)             Requested size: 97.5pt x 101.42574pt.

Underfull \hbox (badness 4859) in paragraph at lines 1257--1257
[]\OT1/cmr/m/n/12 Figura 51: De-
 []


Underfull \hbox (badness 2591) in paragraph at lines 1257--1257
\OT1/cmr/m/n/12 tec^^Xc~ao de bor-das
 []

<images/sobelhori.jpg, id=220, 354.32375pt x 349.305pt>
File: images/sobelhori.jpg Graphic file (type jpg)
<use images/sobelhori.jpg>
Package pdftex.def Info: images/sobelhori.jpg  used on input line 1260.
(pdftex.def)             Requested size: 97.5pt x 96.11513pt.

Underfull \hbox (badness 4859) in paragraph at lines 1261--1261
[]\OT1/cmr/m/n/12 Figura 52: De-
 []


Underfull \hbox (badness 2591) in paragraph at lines 1261--1261
\OT1/cmr/m/n/12 tec^^Xc~ao de bor-das
 []


Overfull \hbox (1.92659pt too wide) detected at line 1293
[]
 []

[39 </home/heitor/Documents/USP/IC/Estudos-Processamento-de-Imagens/Anotações/images/prewittvert.jpg> </home/heitor/Documents/USP/IC/Estudos-Processamento-de-Imagens/Anotações/images/prewitthori.jpg> </home/heitor/Documents/USP/IC/Estudos-Processamento-de-Imagens/Anotações/images/sobelvert.jpg> </home/heitor/Documents/USP/IC/Estudos-Processamento-de-Imagens/Anotações/images/sobelhori.jpg>]
Overfull \hbox (1.92659pt too wide) detected at line 1332
[]
 []

<images/robinson1.jpg, id=225, 182.6825pt x 186.6975pt>
File: images/robinson1.jpg Graphic file (type jpg)
<use images/robinson1.jpg>
Package pdftex.def Info: images/robinson1.jpg  used on input line 1351.
(pdftex.def)             Requested size: 66.29929pt x 67.75516pt.

Underfull \hbox (badness 10000) in paragraph at lines 1352--1352
[]\OT1/cmr/m/n/12 Figura 53:
 []


Underfull \hbox (badness 10000) in paragraph at lines 1352--1352
\OT1/cmr/m/n/12 Dire^^Xc~ao
 []

<images/robinson2.jpg, id=226, 186.6975pt x 185.69376pt>
File: images/robinson2.jpg Graphic file (type jpg)
<use images/robinson2.jpg>
Package pdftex.def Info: images/robinson2.jpg  used on input line 1355.
(pdftex.def)             Requested size: 66.29929pt x 65.943pt.

Underfull \hbox (badness 10000) in paragraph at lines 1356--1356
[]\OT1/cmr/m/n/12 Figura 54:
 []


Underfull \hbox (badness 1454) in paragraph at lines 1356--1356
\OT1/cmr/m/n/12 Dire^^Xc~ao No-
 []

<images/robinson3.jpg, id=227, 185.69376pt x 191.71625pt>
File: images/robinson3.jpg Graphic file (type jpg)
<use images/robinson3.jpg>
Package pdftex.def Info: images/robinson3.jpg  used on input line 1359.
(pdftex.def)             Requested size: 66.29929pt x 68.45027pt.

Underfull \hbox (badness 10000) in paragraph at lines 1360--1360
[]\OT1/cmr/m/n/12 Figura 55:
 []


Underfull \hbox (badness 10000) in paragraph at lines 1360--1360
\OT1/cmr/m/n/12 Dire^^Xc~ao
 []

<images/robinson4.jpg, id=228, 183.68625pt x 185.69376pt>
File: images/robinson4.jpg Graphic file (type jpg)
<use images/robinson4.jpg>
Package pdftex.def Info: images/robinson4.jpg  used on input line 1363.
(pdftex.def)             Requested size: 66.29929pt x 67.02536pt.

Underfull \hbox (badness 10000) in paragraph at lines 1364--1364
[]\OT1/cmr/m/n/12 Figura 56:
 []


Underfull \hbox (badness 3503) in paragraph at lines 1364--1364
\OT1/cmr/m/n/12 Dire^^Xc~ao Su-
 []

<images/robinson5.jpg, id=229, 183.68625pt x 190.7125pt>
File: images/robinson5.jpg Graphic file (type jpg)
<use images/robinson5.jpg>
Package pdftex.def Info: images/robinson5.jpg  used on input line 1370.
(pdftex.def)             Requested size: 66.29929pt x 68.83685pt.

Underfull \hbox (badness 10000) in paragraph at lines 1371--1371
[]\OT1/cmr/m/n/12 Figura 57:
 []

<images/robinson6.jpg, id=230, 181.67876pt x 187.70125pt>
File: images/robinson6.jpg Graphic file (type jpg)
<use images/robinson6.jpg>
Package pdftex.def Info: images/robinson6.jpg  used on input line 1374.
(pdftex.def)             Requested size: 66.29929pt x 68.4975pt.

Underfull \hbox (badness 10000) in paragraph at lines 1375--1375
[]\OT1/cmr/m/n/12 Figura 58:
 []


Underfull \hbox (badness 3503) in paragraph at lines 1375--1375
\OT1/cmr/m/n/12 Dire^^Xc~ao Su-
 []

<images/robinson7.jpg, id=231, 185.69376pt x 187.70125pt>
File: images/robinson7.jpg Graphic file (type jpg)
<use images/robinson7.jpg>
Package pdftex.def Info: images/robinson7.jpg  used on input line 1378.
(pdftex.def)             Requested size: 66.29929pt x 67.01675pt.

Underfull \hbox (badness 10000) in paragraph at lines 1379--1379
[]\OT1/cmr/m/n/12 Figura 59:
 []


Underfull \hbox (badness 10000) in paragraph at lines 1379--1379
\OT1/cmr/m/n/12 Dire^^Xc~ao
 []

<images/robinson8.jpg, id=232, 184.69pt x 177.66376pt>
File: images/robinson8.jpg Graphic file (type jpg)
<use images/robinson8.jpg>
Package pdftex.def Info: images/robinson8.jpg  used on input line 1382.
(pdftex.def)             Requested size: 66.29929pt x 63.77727pt.

Underfull \hbox (badness 10000) in paragraph at lines 1383--1383
[]\OT1/cmr/m/n/12 Figura 60:
 []


Overfull \hbox (1.92659pt too wide) detected at line 1405
[]
 []


Overfull \hbox (1.92659pt too wide) detected at line 1414
[]
 []


Overfull \hbox (1.92659pt too wide) detected at line 1423
[]
 []

[40 </home/heitor/Documents/USP/IC/Estudos-Processamento-de-Imagens/Anotações/images/robinson1.jpg> </home/heitor/Documents/USP/IC/Estudos-Processamento-de-Imagens/Anotações/images/robinson2.jpg> </home/heitor/Documents/USP/IC/Estudos-Processamento-de-Imagens/Anotações/images/robinson3.jpg> </home/heitor/Documents/USP/IC/Estudos-Processamento-de-Imagens/Anotações/images/robinson4.jpg>]
Overfull \hbox (1.92659pt too wide) detected at line 1444
[]
 []


Overfull \hbox (1.92659pt too wide) detected at line 1453
[]
 []

<images/kirsch2.jpg, id=236, 189.70876pt x 188.705pt>
File: images/kirsch2.jpg Graphic file (type jpg)
<use images/kirsch2.jpg>
Package pdftex.def Info: images/kirsch2.jpg  used on input line 1472.
(pdftex.def)             Requested size: 66.29929pt x 65.94983pt.

Underfull \hbox (badness 10000) in paragraph at lines 1473--1473
[]\OT1/cmr/m/n/12 Figura 61:
 []


Underfull \hbox (badness 10000) in paragraph at lines 1473--1473
\OT1/cmr/m/n/12 Dire^^Xc~ao
 []

<images/kirsch3.jpg, id=237, 182.6825pt x 182.6825pt>
File: images/kirsch3.jpg Graphic file (type jpg)
<use images/kirsch3.jpg>
Package pdftex.def Info: images/kirsch3.jpg  used on input line 1476.
(pdftex.def)             Requested size: 66.29929pt x 66.29805pt.

Underfull \hbox (badness 10000) in paragraph at lines 1477--1477
[]\OT1/cmr/m/n/12 Figura 62:
 []


Underfull \hbox (badness 1454) in paragraph at lines 1477--1477
\OT1/cmr/m/n/12 Dire^^Xc~ao No-
 []

<images/kirsch4.jpg, id=238, 185.69376pt x 183.68625pt>
File: images/kirsch4.jpg Graphic file (type jpg)
<use images/kirsch4.jpg>
Package pdftex.def Info: images/kirsch4.jpg  used on input line 1480.
(pdftex.def)             Requested size: 66.29929pt x 65.58324pt.

Underfull \hbox (badness 10000) in paragraph at lines 1481--1481
[]\OT1/cmr/m/n/12 Figura 63:
 []


Underfull \hbox (badness 10000) in paragraph at lines 1481--1481
\OT1/cmr/m/n/12 Dire^^Xc~ao
 []

<images/kirsch5.jpg, id=239, 183.68625pt x 183.68625pt>
File: images/kirsch5.jpg Graphic file (type jpg)
<use images/kirsch5.jpg>
Package pdftex.def Info: images/kirsch5.jpg  used on input line 1484.
(pdftex.def)             Requested size: 66.29929pt x 66.30077pt.

Underfull \hbox (badness 10000) in paragraph at lines 1485--1485
[]\OT1/cmr/m/n/12 Figura 64:
 []


Underfull \hbox (badness 3503) in paragraph at lines 1485--1485
\OT1/cmr/m/n/12 Dire^^Xc~ao Su-
 []

<images/kirsch6.jpg, id=240, 183.68625pt x 180.675pt>
File: images/kirsch6.jpg Graphic file (type jpg)
<use images/kirsch6.jpg>
Package pdftex.def Info: images/kirsch6.jpg  used on input line 1491.
(pdftex.def)             Requested size: 66.29929pt x 65.21387pt.

Underfull \hbox (badness 10000) in paragraph at lines 1492--1492
[]\OT1/cmr/m/n/12 Figura 65:
 []

<images/kirsch7.jpg, id=241, 187.70125pt x 189.70876pt>
File: images/kirsch7.jpg Graphic file (type jpg)
<use images/kirsch7.jpg>
Package pdftex.def Info: images/kirsch7.jpg  used on input line 1495.
(pdftex.def)             Requested size: 66.29929pt x 67.00984pt.

Underfull \hbox (badness 10000) in paragraph at lines 1496--1496
[]\OT1/cmr/m/n/12 Figura 66:
 []


Underfull \hbox (badness 3503) in paragraph at lines 1496--1496
\OT1/cmr/m/n/12 Dire^^Xc~ao Su-
 []

<images/kirsch8.jpg, id=242, 186.6975pt x 189.70876pt>
File: images/kirsch8.jpg Graphic file (type jpg)
<use images/kirsch8.jpg>
Package pdftex.def Info: images/kirsch8.jpg  used on input line 1499.
(pdftex.def)             Requested size: 66.29929pt x 67.36877pt.

Underfull \hbox (badness 10000) in paragraph at lines 1500--1500
[]\OT1/cmr/m/n/12 Figura 67:
 []


Underfull \hbox (badness 10000) in paragraph at lines 1500--1500
\OT1/cmr/m/n/12 Dire^^Xc~ao
 []

<images/kirsch9.jpg, id=243, 188.705pt x 180.675pt>
File: images/kirsch9.jpg Graphic file (type jpg)
<use images/kirsch9.jpg>
Package pdftex.def Info: images/kirsch9.jpg  used on input line 1503.
(pdftex.def)             Requested size: 66.29929pt x 63.47704pt.

Underfull \hbox (badness 10000) in paragraph at lines 1504--1504
[]\OT1/cmr/m/n/12 Figura 68:
 []

[41 </home/heitor/Documents/USP/IC/Estudos-Processamento-de-Imagens/Anotações/images/robinson5.jpg> </home/heitor/Documents/USP/IC/Estudos-Processamento-de-Imagens/Anotações/images/robinson6.jpg> </home/heitor/Documents/USP/IC/Estudos-Processamento-de-Imagens/Anotações/images/robinson7.jpg> </home/heitor/Documents/USP/IC/Estudos-Processamento-de-Imagens/Anotações/images/robinson8.jpg>]
File: images/einstein256.jpg Graphic file (type jpg)
<use images/einstein256.jpg>
Package pdftex.def Info: images/einstein256.jpg  used on input line 1539.
(pdftex.def)             Requested size: 101.39786pt x 99.21571pt.
<images/laplacian1.jpg, id=247, 319.1925pt x 311.1625pt>
File: images/laplacian1.jpg Graphic file (type jpg)
<use images/laplacian1.jpg>
Package pdftex.def Info: images/laplacian1.jpg  used on input line 1543.
(pdftex.def)             Requested size: 97.5pt x 95.04448pt.

Underfull \hbox (badness 4859) in paragraph at lines 1544--1544
[]\OT1/cmr/m/n/12 Figura 70: De-
 []


Underfull \hbox (badness 2591) in paragraph at lines 1544--1544
\OT1/cmr/m/n/12 tec^^Xc~ao de bor-das
 []

<images/laplacian2.jpg, id=248, 318.18875pt x 313.17pt>
File: images/laplacian2.jpg Graphic file (type jpg)
<use images/laplacian2.jpg>
Package pdftex.def Info: images/laplacian2.jpg  used on input line 1547.
(pdftex.def)             Requested size: 97.5pt x 95.95872pt.

Underfull \hbox (badness 4859) in paragraph at lines 1548--1548
[]\OT1/cmr/m/n/12 Figura 71: De-
 []


Underfull \hbox (badness 2591) in paragraph at lines 1548--1548
\OT1/cmr/m/n/12 tec^^Xc~ao de bor-das
 []

[42 </home/heitor/Documents/USP/IC/Estudos-Processamento-de-Imagens/Anotações/images/kirsch2.jpg> </home/heitor/Documents/USP/IC/Estudos-Processamento-de-Imagens/Anotações/images/kirsch3.jpg> </home/heitor/Documents/USP/IC/Estudos-Processamento-de-Imagens/Anotações/images/kirsch4.jpg> </home/heitor/Documents/USP/IC/Estudos-Processamento-de-Imagens/Anotações/images/kirsch5.jpg> </home/heitor/Documents/USP/IC/Estudos-Processamento-de-Imagens/Anotações/images/kirsch6.jpg> </home/heitor/Documents/USP/IC/Estudos-Processamento-de-Imagens/Anotações/images/kirsch7.jpg> </home/heitor/Documents/USP/IC/Estudos-Processamento-de-Imagens/Anotações/images/kirsch8.jpg> </home/heitor/Documents/USP/IC/Estudos-Processamento-de-Imagens/Anotações/images/kirsch9.jpg>]
Overfull \hbox (19.36496pt too wide) in paragraph at lines 1557--1558
[]\OT1/cmr/m/n/14.4 Convertemos essa ima-gem para sua dis-tri-bui^^Xc~ao de frequ^encias. 
 []


Overfull \hbox (1.5367pt too wide) in paragraph at lines 1580--1580
[][]\OT1/cmr/m/n/14.4 DIF[]ICIL N[]AO EN-TENDI AS APLICA[][]OES E ACHEI MAL
 []

[43 </home/heitor/Documents/USP/IC/Estudos-Processamento-de-Imagens/Anotações/images/laplacian1.jpg> </home/heitor/Documents/USP/IC/Estudos-Processamento-de-Imagens/Anotações/images/laplacian2.jpg>]
File: images/einstein256.jpg Graphic file (type jpg)
<use images/einstein256.jpg>
Package pdftex.def Info: images/einstein256.jpg  used on input line 1588.
(pdftex.def)             Requested size: 117.00119pt x 114.48567pt.

Underfull \hbox (badness 3000) in paragraph at lines 1589--1589
[]\OT1/cmr/m/n/12 Figura 72: Ima-gem
 []

<images/freq.jpg, id=256, 214.8025pt x 234.8775pt>
File: images/freq.jpg Graphic file (type jpg)
<use images/freq.jpg>
Package pdftex.def Info: images/freq.jpg  used on input line 1592.
(pdftex.def)             Requested size: 117.00119pt x 127.9358pt.

Underfull \hbox (badness 3000) in paragraph at lines 1593--1593
[]\OT1/cmr/m/n/12 Figura 73: Ima-gem
 []

[44] [45 </home/heitor/Documents/USP/IC/Estudos-Processamento-de-Imagens/Anotações/images/freq.jpg>]
Overfull \hbox (14.96782pt too wide) in paragraph at lines 1659--1659
[]\OT1/cmr/bx/n/17.28 Reconhecimento []Otico de Ca-rac-te-res - OCR 
 []

[46] [47] [48] (/home/heitor/Documents/USP/IC/Estudos-Processamento-de-Imagens/Anotações/Anotações.aux) ) 
Here is how much of TeX's memory you used:
 15175 strings out of 481232
 297964 string characters out of 5915106
 582481 words of memory out of 5000000
 31763 multiletter control sequences out of 15000+600000
 414419 words of font info for 69 fonts, out of 8000000 for 9000
 16 hyphenation exceptions out of 8191
 102i,15n,102p,514b,439s stack positions out of 5000i,500n,10000p,200000b,80000s
 </home/heitor/.texlive2020/texmf-var/fonts/pk/ljfour/jknappen/ec/tcrm1440.600pk> </home/heitor/.texlive2020/texmf-var/fonts/pk/ljfour/jknappen/ec/tcrm1200.600pk></usr/share/texlive/texmf-dist/fonts/type1/public/amsfonts/cm/cmbx12.pfb></usr/share/texlive/texmf-dist/fonts/type1/public/amsfonts/cm/cmex10.pfb></usr/share/texlive/texmf-dist/fonts/type1/public/amsfonts/cm/cmmi10.pfb></usr/share/texlive/texmf-dist/fonts/type1/public/amsfonts/cm/cmmi12.pfb></usr/share/texlive/texmf-dist/fonts/type1/public/amsfonts/cm/cmmi8.pfb></usr/share/texlive/texmf-dist/fonts/type1/public/amsfonts/cm/cmr10.pfb></usr/share/texlive/texmf-dist/fonts/type1/public/amsfonts/cm/cmr12.pfb></usr/share/texlive/texmf-dist/fonts/type1/public/amsfonts/cm/cmr17.pfb></usr/share/texlive/texmf-dist/fonts/type1/public/amsfonts/cm/cmr8.pfb></usr/share/texlive/texmf-dist/fonts/type1/public/amsfonts/cm/cmsy10.pfb></usr/share/texlive/texmf-dist/fonts/type1/public/amsfonts/cm/cmsy8.pfb></usr/share/texlive/texmf-dist/fonts/type1/public/amsfonts/symbols/msam10.pfb>
Output written on /home/heitor/Documents/USP/IC/Estudos-Processamento-de-Imagens/Anotações/Anotações.pdf (52 pages, 1866938 bytes).
PDF statistics:
 322 PDF objects out of 1000 (max. 8388607)
 173 compressed objects within 2 object streams
 0 named destinations out of 1000 (max. 500000)
 404 words of extra memory for PDF output out of 10000 (max. 10000000)

